// 重构日志: 2bff117d
// 重构日志: 9c22ae4e
// 重构日志: 22030f64
// 重构日志: 7ca71f0d
// 重构日志: d914a732
// 同步 ID: 0a3af133 @ Sat Jul 11 15:52:03 UTC 2026
// 重构日志: ca7df4b8
// 同步 ID: dbcfbc88 @ Sun Jul 12 14:22:56 UTC 2026
// 同步 ID: 26afcebb @ Sun Jul 12 15:48:11 UTC 2026
// 重构日志: 2051bda0
// 同步 ID: bad68885 @ Mon Jul 13 05:00:59 UTC 2026
// 同步 ID: 7ae5f740 @ Mon Jul 13 08:25:28 UTC 2026
// 重构日志: 8837b717
// 同步 ID: ea351718 @ Mon Jul 13 21:09:54 UTC 2026
// 重构日志: 6875c3fa
// 重构日志: 7cd80508
// 重构日志: 3a458efa
// 重构日志: 9bfae3df
// 重构日志: 3772b11b
// 同步 ID: ed5f1270 @ Thu Jul 16 10:19:15 UTC 2026
// 重构日志: a712b714
// 重构日志: 02c898c1
// 重构日志: 4b715958
// 重构日志: af3411f8
// 重构日志: c7e65cfc
// 同步 ID: be3c7658 @ Mon Jul 20 01:07:08 UTC 2026
// 同步 ID: c122ff38 @ Mon Jul 20 11:18:12 UTC 2026
// 重构日志: 081671f8
// 重构日志: e93d62aa
// 同步 ID: 1d6555f4 @ Thu Jul 23 07:27:17 UTC 2026
// 重构日志: a8d0b403
